[2023-05-14 08:19:21 +0000] [124175] [INFO] Starting gunicorn 20.1.0
[2023-05-14 08:19:21 +0000] [124175] [INFO] Listening at: http://172.31.23.62:8888 (124175)
[2023-05-14 08:19:21 +0000] [124175] [INFO] Using worker: sync
[2023-05-14 08:19:21 +0000] [124176] [INFO] Booting worker with pid: 124176
[2023-05-14 08:19:21 +0000] [124176] [ERROR] Exception in worker process
Traceback (most recent call last):
  File "/usr/lib/python3/dist-packages/gunicorn/arbiter.py", line 589, in spawn_worker
    worker.init_process()
  File "/usr/lib/python3/dist-packages/gunicorn/workers/base.py", line 134, in init_process
    self.load_wsgi()
  File "/usr/lib/python3/dist-packages/gunicorn/workers/base.py", line 146, in load_wsgi
    self.wsgi = self.app.wsgi()
  File "/usr/lib/python3/dist-packages/gunicorn/app/base.py", line 67, in wsgi
    self.callable = self.load()
  File "/usr/lib/python3/dist-packages/gunicorn/app/wsgiapp.py", line 58, in load
    return self.load_wsgiapp()
  File "/usr/lib/python3/dist-packages/gunicorn/app/wsgiapp.py", line 48, in load_wsgiapp
    return util.import_app(self.app_uri)
  File "/usr/lib/python3/dist-packages/gunicorn/util.py", line 384, in import_app
    mod = importlib.import_module(module)
  File "/usr/lib/python3.9/importlib/__init__.py", line 127, in import_module
    return _bootstrap._gcd_import(name[level:], package, level)
  File "<frozen importlib._bootstrap>", line 1030, in _gcd_import
  File "<frozen importlib._bootstrap>", line 1007, in _find_and_load
  File "<frozen importlib._bootstrap>", line 972, in _find_and_load_unlocked
  File "<frozen importlib._bootstrap>", line 228, in _call_with_frames_removed
  File "<frozen importlib._bootstrap>", line 1030, in _gcd_import
  File "<frozen importlib._bootstrap>", line 1007, in _find_and_load
  File "<frozen importlib._bootstrap>", line 984, in _find_and_load_unlocked
ModuleNotFoundError: No module named 'proj_1'
[2023-05-14 08:19:21 +0000] [124176] [INFO] Worker exiting (pid: 124176)
[2023-05-14 08:19:21 +0000] [124175] [INFO] Shutting down: Master
[2023-05-14 08:19:21 +0000] [124175] [INFO] Reason: Worker failed to boot.
